0 info it worked if it ends with ok
1 verbose cli [ 'node',
1 verbose cli   '/usr/local/bin/npm',
1 verbose cli   'install',
1 verbose cli   'sails-generate-admin' ]
2 info using npm@2.11.3
3 info using node@v0.12.7
4 verbose install initial load of /Users/slimane/Documents/master2/IIR/New_EasyTrip/EasyTrip-api/package.json
5 verbose installManyTop reading scoped package data from /Users/slimane/Documents/master2/IIR/New_EasyTrip/EasyTrip-api/node_modules/sails-disk/package.json
6 verbose readDependencies loading dependencies from /Users/slimane/Documents/master2/IIR/New_EasyTrip/EasyTrip-api/package.json
7 silly cache add args [ 'sails-generate-admin', null ]
8 verbose cache add spec sails-generate-admin
9 silly cache add parsed spec { raw: 'sails-generate-admin',
9 silly cache add   scope: null,
9 silly cache add   name: 'sails-generate-admin',
9 silly cache add   rawSpec: '',
9 silly cache add   spec: '*',
9 silly cache add   type: 'range' }
10 silly addNamed sails-generate-admin@*
11 verbose addNamed "*" is a valid semver range for sails-generate-admin
12 silly addNameRange { name: 'sails-generate-admin', range: '*', hasData: false }
13 silly mapToRegistry name sails-generate-admin
14 silly mapToRegistry using default registry
15 silly mapToRegistry registry https://registry.npmjs.org/
16 silly mapToRegistry uri https://registry.npmjs.org/sails-generate-admin
17 verbose addNameRange registry:https://registry.npmjs.org/sails-generate-admin not in flight; fetching
18 verbose request uri https://registry.npmjs.org/sails-generate-admin
19 verbose request no auth needed
20 info attempt registry request try #1 at 09:01:55
21 verbose request id 2e0edd5df4d01b15
22 http request GET https://registry.npmjs.org/sails-generate-admin
23 info retry will retry, error on last attempt: Error: tunneling socket could not be established, cause=connect EHOSTUNREACH
24 info attempt registry request try #2 at 09:02:05
25 http request GET https://registry.npmjs.org/sails-generate-admin
26 info retry will retry, error on last attempt: Error: tunneling socket could not be established, cause=connect EHOSTUNREACH
27 info attempt registry request try #3 at 09:03:05
28 http request GET https://registry.npmjs.org/sails-generate-admin
29 verbose stack Error: tunneling socket could not be established, cause=connect EHOSTUNREACH
29 verbose stack     at ClientRequest.onError (/usr/local/lib/node_modules/npm/node_modules/request/node_modules/tunnel-agent/index.js:168:17)
29 verbose stack     at ClientRequest.g (events.js:199:16)
29 verbose stack     at ClientRequest.emit (events.js:107:17)
29 verbose stack     at Socket.socketErrorListener (_http_client.js:271:9)
29 verbose stack     at Socket.emit (events.js:107:17)
29 verbose stack     at net.js:459:14
29 verbose stack     at process._tickCallback (node.js:355:11)
30 verbose cwd /Users/slimane/Documents/master2/IIR/New_EasyTrip/EasyTrip-api
31 error Darwin 14.5.0
32 error argv "node" "/usr/local/bin/npm" "install" "sails-generate-admin"
33 error node v0.12.7
34 error npm  v2.11.3
35 error code ECONNRESET
36 error network tunneling socket could not be established, cause=connect EHOSTUNREACH
36 error network This is most likely not a problem with npm itself
36 error network and is related to network connectivity.
36 error network In most cases you are behind a proxy or have bad network settings.
36 error network
36 error network If you are behind a proxy, please make sure that the
36 error network 'proxy' config is set properly.  See: 'npm help config'
37 verbose exit [ 1, true ]
